2019-07-25 11:45:00 DEBUG Widget:75 - Get text for locator ( By.xpath: .//div[@class='col-sm-6 d-flex align-items-center justify-content-sm-start justify-content-between']/span[1] ) - result: 14000023
2019-07-25 11:45:00 DEBUG GUILink:14 - Click By.xpath: .//li/a[@routerlink='/trader/']
2019-07-25 11:45:00 DEBUG GUILink:14 - Click By.xpath: .//li/a[@routerlink='/trader/control']
2019-07-25 11:45:02 DEBUG TraderControlPage:21 - Confirm page
2019-07-25 11:45:02 DEBUG GUIButton:14 - Click By.xpath: .//div[@class='col d-lg-flex d-none justify-content-end ']/button[@class='wt-btn blue ml-3']
2019-07-25 11:45:03 DEBUG GUIButton:14 - Click By.xpath: .//nav/ul/li/a[text()='PRO']
2019-07-25 11:45:05 DEBUG GUIButton:14 - Click By.xpath: .//div[1]/div[2]/mat-form-field/div/div/div[@class='mat-input-infix mat-form-field-infix']/mat-select
2019-07-25 11:45:05 DEBUG GUIButton:14 - Click By.xpath: /html/body/app-root/app-pages/main/app-open-account/section/div/div/div[3]/div/div/form/div[2]/div[2]/mat-form-field
2019-07-25 11:45:06 DEBUG GUIButton:14 - Click By.xpath: /html/body/app-root/app-pages/main/app-open-account/section/div/div/div[3]/div/div/form/div[3]/div[2]/mat-form-field/div/div[1]/div
2019-07-25 11:45:07 DEBUG GUIButton:14 - Click By.xpath: .//div[2]/button[@class='wt-btn green']
2019-07-25 11:45:08 DEBUG GUILink:14 - Click By.xpath: .//div[@class='user-info-profile']
2019-07-25 11:45:08 DEBUG GUILink:14 - Click By.xpath: .//li/a[@routerlink='/settings']
2019-07-25 11:45:09 DEBUG GUIButton:14 - Click By.xpath: .//li/a[@routerlink='security']
2019-07-25 11:45:10 DEBUG GUILink:14 - Click By.xpath: /html/body/app-root/app-pages/header/app-header/app-main-nav-menu/nav[1]/div/div/ul/li[2]/a
2019-07-25 11:45:10 DEBUG GUILink:14 - Click By.xpath: .//li/a[@routerlink='/cashbox/operations']
2019-07-25 11:45:11 DEBUG CashierFinOperation1:21 - Confirm page
2019-07-25 11:45:11 DEBUG GUIButton:14 - Click By.xpath: /html/body/app-root/app-pages/main/app-operations/section/div/app-operations-deposit/div/div[1]/div/div/div[1]/div/div[1]/div[2]/mat-form-field
2019-07-25 11:45:13 DEBUG GUIButton:14 - Click By.xpath: /html/body/app-root/app-pages/main/app-operations/section/div/app-operations-deposit/div/div[1]/div/div/div[1]/div/div[2]/div[2]/mat-form-field
2019-07-25 11:45:17 DEBUG GUIButton:14 - Click By.xpath: .//div[3]/mat-form-field
2019-07-25 11:45:21 DEBUG GUIButton:14 - Click By.xpath: .//div[4]/div[2]/mat-form-field
2019-07-25 11:45:21 DEBUG GUITextBox:14 - Set value "500" for By.xpath: .//div[5]/div[2]/input[@type='text']
2019-07-25 11:45:22 DEBUG GUIButton:14 - Click By.xpath: .//button[@class='ng-star-inserted wt-btn blue']
2019-07-25 11:45:23 DEBUG CashierFinOperation2:21 - Confirm page
2019-07-25 11:45:23 DEBUG GUIButton:14 - Click By.xpath: .//button[@class='wt-btn blue ng-star-inserted']
